0 info it worked if it ends with ok
1 verbose cli [ '/usr/bin/node',
1 verbose cli   '/usr/bin/npm',
1 verbose cli   'install',
1 verbose cli   'grunt-autoprefixe' ]
2 info using npm@1.4.28
3 info using node@v0.10.40
4 verbose node symlink /usr/bin/node
5 warn package.json dop@0.0.0 No description
6 warn package.json dop@0.0.0 No repository field.
7 warn package.json dop@0.0.0 No README data
8 verbose readDependencies using package.json deps
9 verbose cache add [ 'grunt-autoprefixe', null ]
10 verbose cache add name=undefined spec="grunt-autoprefixe" args=["grunt-autoprefixe",null]
11 verbose parsed url { protocol: null,
11 verbose parsed url   slashes: null,
11 verbose parsed url   auth: null,
11 verbose parsed url   host: null,
11 verbose parsed url   port: null,
11 verbose parsed url   hostname: null,
11 verbose parsed url   hash: null,
11 verbose parsed url   search: null,
11 verbose parsed url   query: null,
11 verbose parsed url   pathname: 'grunt-autoprefixe',
11 verbose parsed url   path: 'grunt-autoprefixe',
11 verbose parsed url   href: 'grunt-autoprefixe' }
12 silly lockFile 6fdc545b-grunt-autoprefixe grunt-autoprefixe
13 verbose lock grunt-autoprefixe /root/.npm/6fdc545b-grunt-autoprefixe.lock
14 silly lockFile 6fdc545b-grunt-autoprefixe grunt-autoprefixe
15 silly lockFile 6fdc545b-grunt-autoprefixe grunt-autoprefixe
16 verbose addNamed [ 'grunt-autoprefixe', '' ]
17 verbose addNamed [ null, '*' ]
18 silly lockFile 1abd0d66-grunt-autoprefixe grunt-autoprefixe@
19 verbose lock grunt-autoprefixe@ /root/.npm/1abd0d66-grunt-autoprefixe.lock
20 silly addNameRange { name: 'grunt-autoprefixe', range: '*', hasData: false }
21 verbose request where is /grunt-autoprefixe
22 verbose request registry https://registry.npmjs.org/
23 verbose request id 8bea43afc6ef5d39
24 verbose url raw /grunt-autoprefixe
25 verbose url resolving [ 'https://registry.npmjs.org/', './grunt-autoprefixe' ]
26 verbose url resolved https://registry.npmjs.org/grunt-autoprefixe
27 verbose request where is https://registry.npmjs.org/grunt-autoprefixe
28 info trying registry request attempt 1 at 09:53:27
29 http GET https://registry.npmjs.org/grunt-autoprefixe
30 http 404 https://registry.npmjs.org/grunt-autoprefixe
31 silly registry.get cb [ 404,
31 silly registry.get   { 'content-type': 'application/json',
31 silly registry.get     'cache-control': 'max-age=0',
31 silly registry.get     'content-length': '2',
31 silly registry.get     'accept-ranges': 'bytes',
31 silly registry.get     date: 'Thu, 04 Feb 2016 16:53:27 GMT',
31 silly registry.get     via: '1.1 varnish',
31 silly registry.get     age: '0',
31 silly registry.get     connection: 'keep-alive',
31 silly registry.get     'x-served-by': 'cache-sjc3135-SJC',
31 silly registry.get     'x-cache': 'MISS',
31 silly registry.get     'x-cache-hits': '0',
31 silly registry.get     'x-timer': 'S1454604807.069520,VS0,VE90' } ]
32 silly lockFile 1abd0d66-grunt-autoprefixe grunt-autoprefixe@
33 silly lockFile 1abd0d66-grunt-autoprefixe grunt-autoprefixe@
34 error 404 Not Found
34 error 404
34 error 404 'grunt-autoprefixe' is not in the npm registry.
34 error 404 You should bug the author to publish it
34 error 404 It was specified as a dependency of 'dop'
34 error 404
34 error 404 Note that you can also install from a
34 error 404 tarball, folder, or http url, or git url.
35 error System Linux 3.13.0-57-generic
36 error command "/usr/bin/node" "/usr/bin/npm" "install" "grunt-autoprefixe"
37 error cwd /var/www/dop
38 error node -v v0.10.40
39 error npm -v 1.4.28
40 error code E404
41 verbose exit [ 1, true ]
